<?xml version="1.0" encoding="UTF-8" ?>
<testsuite failures="0" time="0.013" errors="0" skipped="0" tests="1" name="edu.rpi.tw.impav.AppTest">
  <properties>
    <property name="java.runtime.name" value="Java(TM) SE Runtime Environment"/>
    <property name="sun.boot.library.path" value="/System/Library/Java/JavaVirtualMachines/1.6.0.jdk/Contents/Libraries"/>
    <property name="java.vm.version" value="20.8-b03-424"/>
    <property name="awt.nativeDoubleBuffering" value="true"/>
    <property name="gopherProxySet" value="false"/>
    <property name="mrj.build" value="11M3720"/>
    <property name="java.vm.vendor" value="Apple Inc."/>
    <property name="java.vendor.url" value="http://www.apple.com/"/>
    <property name="path.separator" value=":"/>
    <property name="java.vm.name" value="Java HotSpot(TM) 64-Bit Server VM"/>
    <property name="file.encoding.pkg" value="sun.io"/>
    <property name="user.country" value="KR"/>
    <property name="sun.java.launcher" value="SUN_STANDARD"/>
    <property name="sun.os.patch.level" value="unknown"/>
    <property name="java.vm.specification.name" value="Java Virtual Machine Specification"/>
    <property name="user.dir" value="/Users/visionary/Global-Health-Explorer"/>
    <property name="java.runtime.version" value="1.6.0_33-b03-424-11M3720"/>
    <property name="java.awt.graphicsenv" value="apple.awt.CGraphicsEnvironment"/>
    <property name="basedir" value="/Users/visionary/Global-Health-Explorer"/>
    <property name="java.endorsed.dirs" value="/System/Library/Java/JavaVirtualMachines/1.6.0.jdk/Contents/Home/lib/endorsed"/>
    <property name="os.arch" value="x86_64"/>
    <property name="surefire.real.class.path" value="/Users/visionary/Global-Health-Explorer/target/surefire/surefirebooter6822753466081073600.jar"/>
    <property name="java.io.tmpdir" value="/var/folders/n5/w896srtn4wdfrsdqh66rjy0r0000gp/T/"/>
    <property name="line.separator" value="
"/>
    <property name="java.vm.specification.vendor" value="Sun Microsystems Inc."/>
    <property name="os.name" value="Mac OS X"/>
    <property name="sun.jnu.encoding" value="EUC_KR"/>
    <property name="java.library.path" value=".:/Applications/cdf34_1-dist/cdfjava/lib:/Applications/cdf34_1-dist/lib:.:/Library/Java/Extensions:/System/Library/Java/Extensions:/usr/lib/java"/>
    <property name="surefire.test.class.path" value="/Users/visionary/Global-Health-Explorer/target/test-classes:/Users/visionary/Global-Health-Explorer/target/classes:/Users/visionary/.m2/repository/junit/junit/3.8.1/junit-3.8.1.jar:/Users/visionary/.m2/repository/org/apache/jena/jena-fuseki/0.2.1-incubating/jena-fuseki-0.2.1-incubating.jar:/Users/visionary/.m2/repository/org/apache/jena/jena-arq/2.9.0-incubating/jena-arq-2.9.0-incubating.jar:/Users/visionary/.m2/repository/commons-codec/commons-codec/1.5/commons-codec-1.5.jar:/Users/visionary/.m2/repository/org/apache/httpcomponents/httpcore/4.1.3/httpcore-4.1.3.jar:/Users/visionary/.m2/repository/org/apache/jena/jena-core/2.7.0-incubating/jena-core-2.7.0-incubating.jar:/Users/visionary/.m2/repository/org/apache/jena/jena-iri/0.9.0-incubating/jena-iri-0.9.0-incubating.jar:/Users/visionary/.m2/repository/org/apache/httpcomponents/httpclient/4.1.2/httpclient-4.1.2.jar:/Users/visionary/.m2/repository/commons-fileupload/commons-fileupload/1.2.2/commons-fileupload-1.2.2.jar:/Users/visionary/.m2/repository/org/eclipse/jetty/jetty-server/7.5.4.v20111024/jetty-server-7.5.4.v20111024.jar:/Users/visionary/.m2/repository/javax/servlet/servlet-api/2.5/servlet-api-2.5.jar:/Users/visionary/.m2/repository/org/eclipse/jetty/jetty-continuation/7.5.4.v20111024/jetty-continuation-7.5.4.v20111024.jar:/Users/visionary/.m2/repository/org/eclipse/jetty/jetty-http/7.5.4.v20111024/jetty-http-7.5.4.v20111024.jar:/Users/visionary/.m2/repository/org/eclipse/jetty/jetty-io/7.5.4.v20111024/jetty-io-7.5.4.v20111024.jar:/Users/visionary/.m2/repository/org/eclipse/jetty/jetty-servlet/7.5.4.v20111024/jetty-servlet-7.5.4.v20111024.jar:/Users/visionary/.m2/repository/org/eclipse/jetty/jetty-security/7.5.4.v20111024/jetty-security-7.5.4.v20111024.jar:/Users/visionary/.m2/repository/org/eclipse/jetty/jetty-servlets/7.5.4.v20111024/jetty-servlets-7.5.4.v20111024.jar:/Users/visionary/.m2/repository/org/eclipse/jetty/jetty-client/7.5.4.v20111024/jetty-client-7.5.4.v20111024.jar:/Users/visionary/.m2/repository/org/eclipse/jetty/jetty-util/7.5.4.v20111024/jetty-util-7.5.4.v20111024.jar:/Users/visionary/.m2/repository/org/eclipse/jetty/jetty-xml/7.5.4.v20111024/jetty-xml-7.5.4.v20111024.jar:/Users/visionary/.m2/repository/org/apache/velocity/velocity/1.7/velocity-1.7.jar:/Users/visionary/.m2/repository/commons-collections/commons-collections/3.2.1/commons-collections-3.2.1.jar:/Users/visionary/.m2/repository/commons-lang/commons-lang/2.4/commons-lang-2.4.jar:/Users/visionary/.m2/repository/org/slf4j/slf4j-api/1.6.4/slf4j-api-1.6.4.jar:/Users/visionary/.m2/repository/log4j/log4j/1.2.16/log4j-1.2.16.jar:/Users/visionary/.m2/repository/com/ibm/icu/icu4j/3.4.4/icu4j-3.4.4.jar:/Users/visionary/.m2/repository/xerces/xercesImpl/2.10.0/xercesImpl-2.10.0.jar:/Users/visionary/.m2/repository/xml-apis/xml-apis/1.4.01/xml-apis-1.4.01.jar:/Users/visionary/.m2/repository/com/hp/hpl/jena/jena/2.6.4/jena-2.6.4.jar:/Users/visionary/.m2/repository/com/hp/hpl/jena/iri/0.8/iri-0.8.jar:/Users/visionary/.m2/repository/com/hp/hpl/jena/arq/2.8.8/arq-2.8.8.jar:/Users/visionary/.m2/repository/org/codehaus/woodstox/wstx-asl/3.2.9/wstx-asl-3.2.9.jar:/Users/visionary/.m2/repository/stax/stax-api/1.0.1/stax-api-1.0.1.jar:/Users/visionary/.m2/repository/org/apache/jena/jena-tdb/0.9.3/jena-tdb-0.9.3.jar:/Users/visionary/.m2/repository/org/json/json/20090211/json-20090211.jar:/Users/visionary/.m2/repository/com/memetix/microsoft-translator-java-api/0.7-SNAPSHOT/microsoft-translator-java-api-0.7-SNAPSHOT.jar:/Users/visionary/.m2/repository/com/googlecode/json-simple/json-simple/1.1/json-simple-1.1.jar:/Users/visionary/.m2/repository/commons-logging/commons-logging/1.1.1/commons-logging-1.1.1.jar:/Users/visionary/.m2/repository/org/slf4j/slf4j-log4j12/1.6.6/slf4j-log4j12-1.6.6.jar:/Users/visionary/.m2/repository/org/apache/lucene/lucene-core/3.0.2/lucene-core-3.0.2.jar:/Users/visionary/.m2/repository/org/apache/lucene/lucene-memory/3.0.2/lucene-memory-3.0.2.jar:/Users/visionary/.m2/repository/org/apache/lucene/lucene-snowball/3.0.2/lucene-snowball-3.0.2.jar:/Users/visionary/.m2/repository/org/twitter4j/twitter4j-core/2.2.6/twitter4j-core-2.2.6.jar:/Users/visionary/.m2/repository/org/twitter4j/twitter4j-stream/2.2.6/twitter4j-stream-2.2.6.jar:"/>
    <property name="java.specification.name" value="Java Platform API Specification"/>
    <property name="java.class.version" value="50.0"/>
    <property name="sun.management.compiler" value="HotSpot 64-Bit Tiered Compilers"/>
    <property name="os.version" value="10.8.1"/>
    <property name="http.nonProxyHosts" value="local|*.local|169.254/16|*.169.254/16"/>
    <property name="user.home" value="/Users/visionary"/>
    <property name="user.timezone" value=""/>
    <property name="java.awt.printerjob" value="apple.awt.CPrinterJob"/>
    <property name="java.specification.version" value="1.6"/>
    <property name="file.encoding" value="EUC_KR"/>
    <property name="user.name" value="visionary"/>
    <property name="java.class.path" value="/Users/visionary/Global-Health-Explorer/target/test-classes:/Users/visionary/Global-Health-Explorer/target/classes:/Users/visionary/.m2/repository/junit/junit/3.8.1/junit-3.8.1.jar:/Users/visionary/.m2/repository/org/apache/jena/jena-fuseki/0.2.1-incubating/jena-fuseki-0.2.1-incubating.jar:/Users/visionary/.m2/repository/org/apache/jena/jena-arq/2.9.0-incubating/jena-arq-2.9.0-incubating.jar:/Users/visionary/.m2/repository/commons-codec/commons-codec/1.5/commons-codec-1.5.jar:/Users/visionary/.m2/repository/org/apache/httpcomponents/httpcore/4.1.3/httpcore-4.1.3.jar:/Users/visionary/.m2/repository/org/apache/jena/jena-core/2.7.0-incubating/jena-core-2.7.0-incubating.jar:/Users/visionary/.m2/repository/org/apache/jena/jena-iri/0.9.0-incubating/jena-iri-0.9.0-incubating.jar:/Users/visionary/.m2/repository/org/apache/httpcomponents/httpclient/4.1.2/httpclient-4.1.2.jar:/Users/visionary/.m2/repository/commons-fileupload/commons-fileupload/1.2.2/commons-fileupload-1.2.2.jar:/Users/visionary/.m2/repository/org/eclipse/jetty/jetty-server/7.5.4.v20111024/jetty-server-7.5.4.v20111024.jar:/Users/visionary/.m2/repository/javax/servlet/servlet-api/2.5/servlet-api-2.5.jar:/Users/visionary/.m2/repository/org/eclipse/jetty/jetty-continuation/7.5.4.v20111024/jetty-continuation-7.5.4.v20111024.jar:/Users/visionary/.m2/repository/org/eclipse/jetty/jetty-http/7.5.4.v20111024/jetty-http-7.5.4.v20111024.jar:/Users/visionary/.m2/repository/org/eclipse/jetty/jetty-io/7.5.4.v20111024/jetty-io-7.5.4.v20111024.jar:/Users/visionary/.m2/repository/org/eclipse/jetty/jetty-servlet/7.5.4.v20111024/jetty-servlet-7.5.4.v20111024.jar:/Users/visionary/.m2/repository/org/eclipse/jetty/jetty-security/7.5.4.v20111024/jetty-security-7.5.4.v20111024.jar:/Users/visionary/.m2/repository/org/eclipse/jetty/jetty-servlets/7.5.4.v20111024/jetty-servlets-7.5.4.v20111024.jar:/Users/visionary/.m2/repository/org/eclipse/jetty/jetty-client/7.5.4.v20111024/jetty-client-7.5.4.v20111024.jar:/Users/visionary/.m2/repository/org/eclipse/jetty/jetty-util/7.5.4.v20111024/jetty-util-7.5.4.v20111024.jar:/Users/visionary/.m2/repository/org/eclipse/jetty/jetty-xml/7.5.4.v20111024/jetty-xml-7.5.4.v20111024.jar:/Users/visionary/.m2/repository/org/apache/velocity/velocity/1.7/velocity-1.7.jar:/Users/visionary/.m2/repository/commons-collections/commons-collections/3.2.1/commons-collections-3.2.1.jar:/Users/visionary/.m2/repository/commons-lang/commons-lang/2.4/commons-lang-2.4.jar:/Users/visionary/.m2/repository/org/slf4j/slf4j-api/1.6.4/slf4j-api-1.6.4.jar:/Users/visionary/.m2/repository/log4j/log4j/1.2.16/log4j-1.2.16.jar:/Users/visionary/.m2/repository/com/ibm/icu/icu4j/3.4.4/icu4j-3.4.4.jar:/Users/visionary/.m2/repository/xerces/xercesImpl/2.10.0/xercesImpl-2.10.0.jar:/Users/visionary/.m2/repository/xml-apis/xml-apis/1.4.01/xml-apis-1.4.01.jar:/Users/visionary/.m2/repository/com/hp/hpl/jena/jena/2.6.4/jena-2.6.4.jar:/Users/visionary/.m2/repository/com/hp/hpl/jena/iri/0.8/iri-0.8.jar:/Users/visionary/.m2/repository/com/hp/hpl/jena/arq/2.8.8/arq-2.8.8.jar:/Users/visionary/.m2/repository/org/codehaus/woodstox/wstx-asl/3.2.9/wstx-asl-3.2.9.jar:/Users/visionary/.m2/repository/stax/stax-api/1.0.1/stax-api-1.0.1.jar:/Users/visionary/.m2/repository/org/apache/jena/jena-tdb/0.9.3/jena-tdb-0.9.3.jar:/Users/visionary/.m2/repository/org/json/json/20090211/json-20090211.jar:/Users/visionary/.m2/repository/com/memetix/microsoft-translator-java-api/0.7-SNAPSHOT/microsoft-translator-java-api-0.7-SNAPSHOT.jar:/Users/visionary/.m2/repository/com/googlecode/json-simple/json-simple/1.1/json-simple-1.1.jar:/Users/visionary/.m2/repository/commons-logging/commons-logging/1.1.1/commons-logging-1.1.1.jar:/Users/visionary/.m2/repository/org/slf4j/slf4j-log4j12/1.6.6/slf4j-log4j12-1.6.6.jar:/Users/visionary/.m2/repository/org/apache/lucene/lucene-core/3.0.2/lucene-core-3.0.2.jar:/Users/visionary/.m2/repository/org/apache/lucene/lucene-memory/3.0.2/lucene-memory-3.0.2.jar:/Users/visionary/.m2/repository/org/apache/lucene/lucene-snowball/3.0.2/lucene-snowball-3.0.2.jar:/Users/visionary/.m2/repository/org/twitter4j/twitter4j-core/2.2.6/twitter4j-core-2.2.6.jar:/Users/visionary/.m2/repository/org/twitter4j/twitter4j-stream/2.2.6/twitter4j-stream-2.2.6.jar:"/>
    <property name="java.vm.specification.version" value="1.0"/>
    <property name="sun.arch.data.model" value="64"/>
    <property name="java.home" value="/System/Library/Java/JavaVirtualMachines/1.6.0.jdk/Contents/Home"/>
    <property name="sun.java.command" value="/Users/visionary/Global-Health-Explorer/target/surefire/surefirebooter6822753466081073600.jar /Users/visionary/Global-Health-Explorer/target/surefire/surefire1999349631255442741tmp /Users/visionary/Global-Health-Explorer/target/surefire/surefire7817083094554674642tmp"/>
    <property name="java.specification.vendor" value="Sun Microsystems Inc."/>
    <property name="user.language" value="ko"/>
    <property name="awt.toolkit" value="apple.awt.CToolkit"/>
    <property name="java.vm.info" value="mixed mode"/>
    <property name="java.version" value="1.6.0_33"/>
    <property name="java.ext.dirs" value="/Library/Java/Extensions:/System/Library/Java/Extensions:/System/Library/Java/JavaVirtualMachines/1.6.0.jdk/Contents/Home/lib/ext"/>
    <property name="sun.boot.class.path" value="/System/Library/Java/JavaVirtualMachines/1.6.0.jdk/Contents/Classes/jsfd.jar:/System/Library/Java/JavaVirtualMachines/1.6.0.jdk/Contents/Classes/classes.jar:/System/Library/Frameworks/JavaVM.framework/Frameworks/JavaRuntimeSupport.framework/Resources/Java/JavaRuntimeSupport.jar:/System/Library/Java/JavaVirtualMachines/1.6.0.jdk/Contents/Classes/ui.jar:/System/Library/Java/JavaVirtualMachines/1.6.0.jdk/Contents/Classes/laf.jar:/System/Library/Java/JavaVirtualMachines/1.6.0.jdk/Contents/Classes/sunrsasign.jar:/System/Library/Java/JavaVirtualMachines/1.6.0.jdk/Contents/Classes/jsse.jar:/System/Library/Java/JavaVirtualMachines/1.6.0.jdk/Contents/Classes/jce.jar:/System/Library/Java/JavaVirtualMachines/1.6.0.jdk/Contents/Classes/charsets.jar"/>
    <property name="java.vendor" value="Apple Inc."/>
    <property name="localRepository" value="/Users/visionary/.m2/repository"/>
    <property name="file.separator" value="/"/>
    <property name="java.vendor.url.bug" value="http://bugreport.apple.com/"/>
    <property name="sun.cpu.endian" value="little"/>
    <property name="sun.io.unicode.encoding" value="UnicodeLittle"/>
    <property name="mrj.version" value="1070.1.6.0_33-424"/>
    <property name="socksNonProxyHosts" value="local|*.local|169.254/16|*.169.254/16"/>
    <property name="ftp.nonProxyHosts" value="local|*.local|169.254/16|*.169.254/16"/>
    <property name="sun.cpu.isalist" value=""/>
  </properties>
  <testcase time="0.002" classname="edu.rpi.tw.impav.AppTest" name="testApp"/>
</testsuite>