<?xml version="1.0" encoding="UTF-8" ?>
<testsuite failures="0" time="0.024" errors="0" skipped="0" tests="1" name="edu.rpi.tw.impav.AppTest">
  <properties>
    <property name="java.runtime.name" value="Java(TM) SE Runtime Environment"/>
    <property name="sun.boot.library.path" value="/usr/lib/jvm/java-6-sun-1.6.0.22/jre/lib/amd64"/>
    <property name="java.vm.version" value="17.1-b03"/>
    <property name="java.vm.vendor" value="Sun Microsystems Inc."/>
    <property name="java.vendor.url" value="http://java.sun.com/"/>
    <property name="path.separator" value=":"/>
    <property name="java.vm.name" value="Java HotSpot(TM) 64-Bit Server VM"/>
    <property name="file.encoding.pkg" value="sun.io"/>
    <property name="user.country" value="US"/>
    <property name="sun.java.launcher" value="SUN_STANDARD"/>
    <property name="sun.os.patch.level" value="unknown"/>
    <property name="java.vm.specification.name" value="Java Virtual Machine Specification"/>
    <property name="user.dir" value="/home/jim/Classes/Visualization/Project/skitter-0.1"/>
    <property name="java.runtime.version" value="1.6.0_22-b04"/>
    <property name="java.awt.graphicsenv" value="sun.awt.X11GraphicsEnvironment"/>
    <property name="basedir" value="/home/jim/Classes/Visualization/Project/skitter-0.1"/>
    <property name="java.endorsed.dirs" value="/usr/lib/jvm/java-6-sun-1.6.0.22/jre/lib/endorsed"/>
    <property name="os.arch" value="amd64"/>
    <property name="surefire.real.class.path" value="/tmp/surefirebooter7980738194702121376.jar"/>
    <property name="java.io.tmpdir" value="/tmp"/>
    <property name="line.separator" value="
"/>
    <property name="java.vm.specification.vendor" value="Sun Microsystems Inc."/>
    <property name="os.name" value="Linux"/>
    <property name="sun.jnu.encoding" value="UTF-8"/>
    <property name="java.library.path" value="/usr/lib/jvm/java-6-sun-1.6.0.22/jre/lib/amd64/server:/usr/lib/jvm/java-6-sun-1.6.0.22/jre/lib/amd64:/usr/lib/jvm/java-6-sun-1.6.0.22/jre/../lib/amd64:/usr/java/packages/lib/amd64:/usr/lib64:/lib64:/lib:/usr/lib"/>
    <property name="surefire.test.class.path" value="/home/jim/Classes/Visualization/Project/skitter-0.1/target/test-classes:/home/jim/Classes/Visualization/Project/skitter-0.1/target/classes:/home/jim/.m2/repository/junit/junit/3.8.1/junit-3.8.1.jar:/home/jim/.m2/repository/org/processing/processing-core/1.2.1/processing-core-1.2.1.jar:/home/jim/.m2/repository/org/slf4j/slf4j-log4j12/1.5.8/slf4j-log4j12-1.5.8.jar:/home/jim/.m2/repository/org/slf4j/slf4j-api/1.5.8/slf4j-api-1.5.8.jar:/home/jim/.m2/repository/log4j/log4j/1.2.14/log4j-1.2.14.jar:/home/jim/.m2/repository/com/hp/hpl/jena/jena/2.6.2/jena-2.6.2.jar:/home/jim/.m2/repository/com/hp/hpl/jena/iri/0.7/iri-0.7.jar:/home/jim/.m2/repository/com/ibm/icu/icu4j/3.4.4/icu4j-3.4.4.jar:/home/jim/.m2/repository/xerces/xercesImpl/2.7.1/xercesImpl-2.7.1.jar:/home/jim/.m2/repository/org/apache/lucene/lucene-core/3.0.2/lucene-core-3.0.2.jar:/home/jim/.m2/repository/org/apache/lucene/lucene-memory/3.0.2/lucene-memory-3.0.2.jar:/home/jim/.m2/repository/org/apache/lucene/lucene-snowball/3.0.2/lucene-snowball-3.0.2.jar:/home/jim/.m2/repository/org/twitter4j/twitter4j-core/2.1.7/twitter4j-core-2.1.7.jar:/home/jim/.m2/repository/org/processing/traer/traer.animation/1.0/traer.animation-1.0.jar:/home/jim/.m2/repository/traer/physics/1.0/physics-1.0.jar:/home/jim/.m2/repository/org/processing/controlP5/0.5.4/controlP5-0.5.4.jar:"/>
    <property name="java.specification.name" value="Java Platform API Specification"/>
    <property name="java.class.version" value="50.0"/>
    <property name="sun.management.compiler" value="HotSpot 64-Bit Server Compiler"/>
    <property name="os.version" value="2.6.35-23-generic"/>
    <property name="user.home" value="/home/jim"/>
    <property name="user.timezone" value=""/>
    <property name="java.awt.printerjob" value="sun.print.PSPrinterJob"/>
    <property name="file.encoding" value="UTF-8"/>
    <property name="java.specification.version" value="1.6"/>
    <property name="user.name" value="jim"/>
    <property name="java.class.path" value="/home/jim/Classes/Visualization/Project/skitter-0.1/target/test-classes:/home/jim/Classes/Visualization/Project/skitter-0.1/target/classes:/home/jim/.m2/repository/junit/junit/3.8.1/junit-3.8.1.jar:/home/jim/.m2/repository/org/processing/processing-core/1.2.1/processing-core-1.2.1.jar:/home/jim/.m2/repository/org/slf4j/slf4j-log4j12/1.5.8/slf4j-log4j12-1.5.8.jar:/home/jim/.m2/repository/org/slf4j/slf4j-api/1.5.8/slf4j-api-1.5.8.jar:/home/jim/.m2/repository/log4j/log4j/1.2.14/log4j-1.2.14.jar:/home/jim/.m2/repository/com/hp/hpl/jena/jena/2.6.2/jena-2.6.2.jar:/home/jim/.m2/repository/com/hp/hpl/jena/iri/0.7/iri-0.7.jar:/home/jim/.m2/repository/com/ibm/icu/icu4j/3.4.4/icu4j-3.4.4.jar:/home/jim/.m2/repository/xerces/xercesImpl/2.7.1/xercesImpl-2.7.1.jar:/home/jim/.m2/repository/org/apache/lucene/lucene-core/3.0.2/lucene-core-3.0.2.jar:/home/jim/.m2/repository/org/apache/lucene/lucene-memory/3.0.2/lucene-memory-3.0.2.jar:/home/jim/.m2/repository/org/apache/lucene/lucene-snowball/3.0.2/lucene-snowball-3.0.2.jar:/home/jim/.m2/repository/org/twitter4j/twitter4j-core/2.1.7/twitter4j-core-2.1.7.jar:/home/jim/.m2/repository/org/processing/traer/traer.animation/1.0/traer.animation-1.0.jar:/home/jim/.m2/repository/traer/physics/1.0/physics-1.0.jar:/home/jim/.m2/repository/org/processing/controlP5/0.5.4/controlP5-0.5.4.jar:"/>
    <property name="java.vm.specification.version" value="1.0"/>
    <property name="sun.arch.data.model" value="64"/>
    <property name="java.home" value="/usr/lib/jvm/java-6-sun-1.6.0.22/jre"/>
    <property name="java.specification.vendor" value="Sun Microsystems Inc."/>
    <property name="user.language" value="en"/>
    <property name="java.vm.info" value="mixed mode"/>
    <property name="java.version" value="1.6.0_22"/>
    <property name="java.ext.dirs" value="/usr/lib/jvm/java-6-sun-1.6.0.22/jre/lib/ext:/usr/java/packages/lib/ext"/>
    <property name="sun.boot.class.path" value="/usr/lib/jvm/java-6-sun-1.6.0.22/jre/lib/resources.jar:/usr/lib/jvm/java-6-sun-1.6.0.22/jre/lib/rt.jar:/usr/lib/jvm/java-6-sun-1.6.0.22/jre/lib/sunrsasign.jar:/usr/lib/jvm/java-6-sun-1.6.0.22/jre/lib/jsse.jar:/usr/lib/jvm/java-6-sun-1.6.0.22/jre/lib/jce.jar:/usr/lib/jvm/java-6-sun-1.6.0.22/jre/lib/charsets.jar:/usr/lib/jvm/java-6-sun-1.6.0.22/jre/classes"/>
    <property name="java.vendor" value="Sun Microsystems Inc."/>
    <property name="localRepository" value="/home/jim/.m2/repository"/>
    <property name="file.separator" value="/"/>
    <property name="java.vendor.url.bug" value="http://java.sun.com/cgi-bin/bugreport.cgi"/>
    <property name="sun.cpu.endian" value="little"/>
    <property name="sun.io.unicode.encoding" value="UnicodeLittle"/>
    <property name="sun.desktop" value="gnome"/>
    <property name="sun.cpu.isalist" value=""/>
  </properties>
  <testcase time="0.003" classname="edu.rpi.tw.impav.AppTest" name="testApp"/>
</testsuite>